platforms/android/build/outputs/logs/manifest-merger-debug-report.txt
-- Merging decision tree log ---
manifest
ADDED from platforms/android/AndroidManifest.xml:2:1-63:12
	android:hardwareAccelerated
		ADDED from platforms/android/AndroidManifest.xml:2:11-45
	xmlns:android
		ADDED from platforms/android/AndroidManifest.xml:2:141-199
	package
		ADDED from platforms/android/AndroidManifest.xml:2:98-140
		INJECTED from platforms/android/AndroidManifest.xml
		INJECTED from platforms/android/AndroidManifest.xml
	android:versionName
		ADDED from platforms/android/AndroidManifest.xml:2:70-97
		INJECTED from platforms/android/AndroidManifest.xml
		INJECTED from platforms/android/AndroidManifest.xml
	android:versionCode
		ADDED from platforms/android/AndroidManifest.xml:2:46-69
		INJECTED from platforms/android/AndroidManifest.xml
		INJECTED from platforms/android/AndroidManifest.xml
supports-screens
ADDED from platforms/android/AndroidManifest.xml:3:5-191
	android:resizeable
		ADDED from platforms/android/AndroidManifest.xml:3:106-131
	android:largeScreens
		ADDED from platforms/android/AndroidManifest.xml:3:49-76
	android:anyDensity
		ADDED from platforms/android/AndroidManifest.xml:3:23-48
	android:normalScreens
		ADDED from platforms/android/AndroidManifest.xml:3:77-105
	android:xlargeScreens
		ADDED from platforms/android/AndroidManifest.xml:3:160-188
	android:smallScreens
		ADDED from platforms/android/AndroidManifest.xml:3:132-159
application
ADDED from platforms/android/AndroidManifest.xml:4:5-48:19
MERGED from [com.android.support:support-v13:23.2.0] AndroidManifest.xml:22:5-20
MERGED from [com.android.support:support-v4:23.2.0] AndroidManifest.xml:22:5-20
MERGED from [com.google.android.gms:play-services-gcm:8.4.0] AndroidManifest.xml:24:5-20
MERGED from [com.google.android.gms:play-services-basement:8.4.0] AndroidManifest.xml:20:5-24:19
MERGED from [com.android.support:support-v4:23.2.0] AndroidManifest.xml:22:5-20
MERGED from [com.google.android.gms:play-services-measurement:8.4.0] AndroidManifest.xml:26:5-46:19
MERGED from [com.google.android.gms:play-services-basement:8.4.0] AndroidManifest.xml:20:5-24:19
MERGED from [com.android.support:support-v4:23.2.0] AndroidManifest.xml:22:5-20
	android:supportsRtl
		ADDED from platforms/android/AndroidManifest.xml:4:116-142
	android:label
		ADDED from platforms/android/AndroidManifest.xml:4:83-115
	android:icon
		ADDED from platforms/android/AndroidManifest.xml:4:53-82
	android:hardwareAccelerated
		ADDED from platforms/android/AndroidManifest.xml:4:18-52
activity#com.ionicframework.ashiapp253617.MainActivity
ADDED from platforms/android/AndroidManifest.xml:5:9-10:20
	android:windowSoftInputMode
		ADDED from platforms/android/AndroidManifest.xml:5:257-299
	android:label
		ADDED from platforms/android/AndroidManifest.xml:5:97-134
	android:configChanges
		ADDED from platforms/android/AndroidManifest.xml:5:19-96
	android:theme
		ADDED from platforms/android/AndroidManifest.xml:5:194-256
	android:name
		ADDED from platforms/android/AndroidManifest.xml:5:166-193
	android:launchMode
		ADDED from platforms/android/AndroidManifest.xml:5:135-165
intent-filter#android.intent.action.MAIN+android.intent.category.LAUNCHER
ADDED from platforms/android/AndroidManifest.xml:6:13-9:29
	android:label
		ADDED from platforms/android/AndroidManifest.xml:6:28-65
action#android.intent.action.MAIN
ADDED from platforms/android/AndroidManifest.xml:7:17-69
	android:name
		ADDED from platforms/android/AndroidManifest.xml:7:25-66
category#android.intent.category.LAUNCHER
ADDED from platforms/android/AndroidManifest.xml:8:17-77
	android:name
		ADDED from platforms/android/AndroidManifest.xml:8:27-74
activity#com.google.zxing.client.android.CaptureActivity
ADDED from platforms/android/AndroidManifest.xml:11:9-16:20
	android:windowSoftInputMode
		ADDED from platforms/android/AndroidManifest.xml:11:250-297
	android:configChanges
		ADDED from platforms/android/AndroidManifest.xml:11:52-102
	android:theme
		ADDED from platforms/android/AndroidManifest.xml:11:191-249
	android:exported
		ADDED from platforms/android/AndroidManifest.xml:11:103-127
	android:clearTaskOnLaunch
		ADDED from platforms/android/AndroidManifest.xml:11:19-51
	android:name
		ADDED from platforms/android/AndroidManifest.xml:11:128-190
intent-filter#android.intent.category.DEFAULT+com.google.zxing.client.android.SCAN
ADDED from platforms/android/AndroidManifest.xml:12:13-15:29
action#com.google.zxing.client.android.SCAN
ADDED from platforms/android/AndroidManifest.xml:13:17-79
	android:name
		ADDED from platforms/android/AndroidManifest.xml:13:25-76
category#android.intent.category.DEFAULT
ADDED from platforms/android/AndroidManifest.xml:14:17-76
	android:name
		ADDED from platforms/android/AndroidManifest.xml:14:27-73
activity#com.google.zxing.client.android.encode.EncodeActivity
ADDED from platforms/android/AndroidManifest.xml:17:9-22:20
	android:label
		ADDED from platforms/android/AndroidManifest.xml:17:19-53
	android:name
		ADDED from platforms/android/AndroidManifest.xml:17:54-122
intent-filter#android.intent.category.DEFAULT+com.phonegap.plugins.barcodescanner.ENCODE
ADDED from platforms/android/AndroidManifest.xml:18:13-21:29
action#com.phonegap.plugins.barcodescanner.ENCODE
ADDED from platforms/android/AndroidManifest.xml:19:17-85
	android:name
		ADDED from platforms/android/AndroidManifest.xml:19:25-82
activity#com.google.zxing.client.android.HelpActivity
ADDED from platforms/android/AndroidManifest.xml:23:9-28:20
	android:label
		ADDED from platforms/android/AndroidManifest.xml:23:19-53
	android:name
		ADDED from platforms/android/AndroidManifest.xml:23:54-113
intent-filter#android.intent.action.VIEW+android.intent.category.DEFAULT
ADDED from platforms/android/AndroidManifest.xml:24:13-27:29
action#android.intent.action.VIEW
ADDED from platforms/android/AndroidManifest.xml:25:17-69
	android:name
		ADDED from platforms/android/AndroidManifest.xml:25:25-66
activity#com.adobe.phonegap.push.PushHandlerActivity
ADDED from platforms/android/AndroidManifest.xml:29:9-104
	android:exported
		ADDED from platforms/android/AndroidManifest.xml:29:19-42
	android:name
		ADDED from platforms/android/AndroidManifest.xml:29:43-101
receiver#com.adobe.phonegap.push.BackgroundActionButtonHandler
ADDED from platforms/android/AndroidManifest.xml:30:9-90
	android:name
		ADDED from platforms/android/AndroidManifest.xml:30:19-87
receiver#com.google.android.gms.gcm.GcmReceiver
ADDED from platforms/android/AndroidManifest.xml:31:9-36:20
	android:exported
		ADDED from platforms/android/AndroidManifest.xml:31:19-42
	android:permission
		ADDED from platforms/android/AndroidManifest.xml:31:97-157
	android:name
		ADDED from platforms/android/AndroidManifest.xml:31:43-96
intent-filter#com.google.android.c2dm.intent.RECEIVE+com.ionicframework.ashiapp253617
ADDED from platforms/android/AndroidManifest.xml:32:13-35:29
action#com.google.android.c2dm.intent.RECEIVE
ADDED from platforms/android/AndroidManifest.xml:33:17-81
	android:name
		ADDED from platforms/android/AndroidManifest.xml:33:25-78
category#com.ionicframework.ashiapp253617
ADDED from platforms/android/AndroidManifest.xml:34:17-77
	android:name
		ADDED from platforms/android/AndroidManifest.xml:34:27-74
service#com.adobe.phonegap.push.GCMIntentService
ADDED from platforms/android/AndroidManifest.xml:37:9-41:19
	android:exported
		ADDED from platforms/android/AndroidManifest.xml:37:18-42
	android:name
		ADDED from platforms/android/AndroidManifest.xml:37:43-98
intent-filter#com.google.android.c2dm.intent.RECEIVE
ADDED from platforms/android/AndroidManifest.xml:38:13-40:29
service#com.adobe.phonegap.push.PushInstanceIDListenerService
ADDED from platforms/android/AndroidManifest.xml:42:9-46:19
	android:exported
		ADDED from platforms/android/AndroidManifest.xml:42:18-42
	android:name
		ADDED from platforms/android/AndroidManifest.xml:42:43-111
intent-filter#com.google.android.gms.iid.InstanceID
ADDED from platforms/android/AndroidManifest.xml:43:13-45:29
action#com.google.android.gms.iid.InstanceID
ADDED from platforms/android/AndroidManifest.xml:44:17-80
	android:name
		ADDED from platforms/android/AndroidManifest.xml:44:25-77
service#com.adobe.phonegap.push.RegistrationIntentService
ADDED from platforms/android/AndroidManifest.xml:47:9-110
	android:exported
		ADDED from platforms/android/AndroidManifest.xml:47:18-42
	android:name
		ADDED from platforms/android/AndroidManifest.xml:47:43-107
uses-sdk
ADDED from platforms/android/AndroidManifest.xml:49:5-74
MERGED from [com.android.support:support-v13:23.2.0] AndroidManifest.xml:20:5-44
MERGED from [com.android.support:support-v4:23.2.0] AndroidManifest.xml:20:5-43
MERGED from [com.google.android.gms:play-services-gcm:8.4.0] AndroidManifest.xml:18:5-42
MERGED from [com.google.android.gms:play-services-base:8.4.0] AndroidManifest.xml:18:5-42
MERGED from [com.google.android.gms:play-services-basement:8.4.0] AndroidManifest.xml:18:5-42
MERGED from [com.android.support:support-v4:23.2.0] AndroidManifest.xml:20:5-43
MERGED from [com.google.android.gms:play-services-measurement:8.4.0] AndroidManifest.xml:18:5-42
MERGED from [com.google.android.gms:play-services-basement:8.4.0] AndroidManifest.xml:18:5-42
MERGED from [com.android.support:support-v4:23.2.0] AndroidManifest.xml:20:5-43
MERGED from [android:CordovaLib:unspecified:debug] AndroidManifest.xml:25:5-44
	android:targetSdkVersion
		ADDED from platforms/android/AndroidManifest.xml:49:42-71
	android:minSdkVersion
		ADDED from platforms/android/AndroidManifest.xml:49:15-41
uses-permission#android.permission.ACCESS_COARSE_LOCATION
ADDED from platforms/android/AndroidManifest.xml:50:5-81
	android:name
		ADDED from platforms/android/AndroidManifest.xml:50:22-78
uses-permission#android.permission.ACCESS_FINE_LOCATION
ADDED from platforms/android/AndroidManifest.xml:51:5-79
	android:name
		ADDED from platforms/android/AndroidManifest.xml:51:22-76
uses-permission#android.permission.WRITE_EXTERNAL_STORAGE
ADDED from platforms/android/AndroidManifest.xml:52:5-81
	android:name
		ADDED from platforms/android/AndroidManifest.xml:52:22-78
uses-permission#android.permission.CAMERA
ADDED from platforms/android/AndroidManifest.xml:53:5-65
	android:name
		ADDED from platforms/android/AndroidManifest.xml:53:22-62
uses-permission#android.permission.FLASHLIGHT
ADDED from platforms/android/AndroidManifest.xml:54:5-69
	android:name
		ADDED from platforms/android/AndroidManifest.xml:54:22-66
uses-feature#android.hardware.camera
ADDED from platforms/android/AndroidManifest.xml:55:5-85
	android:required
		ADDED from platforms/android/AndroidManifest.xml:55:58-82
	android:name
		ADDED from platforms/android/AndroidManifest.xml:55:19-57
uses-permission#android.permission.INTERNET
ADDED from platforms/android/AndroidManifest.xml:56:5-67
MERGED from [com.google.android.gms:play-services-gcm:8.4.0] AndroidManifest.xml:22:5-67
MERGED from [com.google.android.gms:play-services-measurement:8.4.0] AndroidManifest.xml:21:5-67
	android:name
		ADDED from platforms/android/AndroidManifest.xml:56:22-64
uses-permission#android.permission.ACCESS_NETWORK_STATE
ADDED from platforms/android/AndroidManifest.xml:57:5-79
MERGED from [com.google.android.gms:play-services-measurement:8.4.0] AndroidManifest.xml:22:5-79
	android:name
		ADDED from platforms/android/AndroidManifest.xml:57:22-76
uses-permission#android.permission.WAKE_LOCK
ADDED from platforms/android/AndroidManifest.xml:58:5-68
MERGED from [com.google.android.gms:play-services-measurement:8.4.0] AndroidManifest.xml:24:5-67
	android:name
		ADDED from platforms/android/AndroidManifest.xml:58:22-65
uses-permission#android.permission.VIBRATE
ADDED from platforms/android/AndroidManifest.xml:59:5-66
	android:name
		ADDED from platforms/android/AndroidManifest.xml:59:22-63
uses-permission#com.google.android.c2dm.permission.RECEIVE
ADDED from platforms/android/AndroidManifest.xml:60:5-82
MERGED from [com.google.android.gms:play-services-gcm:8.4.0] AndroidManifest.xml:21:5-82
	android:name
		ADDED from platforms/android/AndroidManifest.xml:60:22-79
permission#com.ionicframework.ashiapp253617.permission.C2D_MESSAGE
ADDED from platforms/android/AndroidManifest.xml:61:5-126
	android:protectionLevel
		ADDED from platforms/android/AndroidManifest.xml:61:88-123
	android:name
		ADDED from platforms/android/AndroidManifest.xml:61:17-87
uses-permission#com.ionicframework.ashiapp253617.permission.C2D_MESSAGE
ADDED from platforms/android/AndroidManifest.xml:62:5-95
	android:name
		ADDED from platforms/android/AndroidManifest.xml:62:22-92
meta-data#com.google.android.gms.version
ADDED from [com.google.android.gms:play-services-basement:8.4.0] AndroidManifest.xml:21:9-23:69
MERGED from [com.google.android.gms:play-services-basement:8.4.0] AndroidManifest.xml:21:9-23:69
	android:name
		ADDED from [com.google.android.gms:play-services-basement:8.4.0] AndroidManifest.xml:22:13-58
	android:value
		ADDED from [com.google.android.gms:play-services-basement:8.4.0] AndroidManifest.xml:23:13-66
provider#com.google.android.gms.measurement.AppMeasurementContentProvider
ADDED from [com.google.android.gms:play-services-measurement:8.4.0] AndroidManifest.xml:28:7-31:37
	android:exported
		ADDED from [com.google.android.gms:play-services-measurement:8.4.0] AndroidManifest.xml:31:11-35
	android:authorities
		ADDED from [com.google.android.gms:play-services-measurement:8.4.0] AndroidManifest.xml:29:11-76
	android:name
		ADDED from [com.google.android.gms:play-services-measurement:8.4.0] AndroidManifest.xml:30:11-90
receiver#com.google.android.gms.measurement.AppMeasurementReceiver
ADDED from [com.google.android.gms:play-services-measurement:8.4.0] AndroidManifest.xml:33:7-39:18
	android:enabled
		ADDED from [com.google.android.gms:play-services-measurement:8.4.0] AndroidManifest.xml:35:11-33
	android:name
		ADDED from [com.google.android.gms:play-services-measurement:8.4.0] AndroidManifest.xml:34:11-83
intent-filter#com.google.android.gms.measurement.UPLOAD
ADDED from [com.google.android.gms:play-services-measurement:8.4.0] AndroidManifest.xml:36:9-38:25
action#com.google.android.gms.measurement.UPLOAD
ADDED from [com.google.android.gms:play-services-measurement:8.4.0] AndroidManifest.xml:37:11-77
	android:name
		ADDED from [com.google.android.gms:play-services-measurement:8.4.0] AndroidManifest.xml:37:19-75
service#com.google.android.gms.measurement.AppMeasurementService
ADDED from [com.google.android.gms:play-services-measurement:8.4.0] AndroidManifest.xml:41:7-44:37
	android:exported
		ADDED from [com.google.android.gms:play-services-measurement:8.4.0] AndroidManifest.xml:44:11-35
	android:enabled
		ADDED from [com.google.android.gms:play-services-measurement:8.4.0] AndroidManifest.xml:43:11-33
	android:name
		ADDED from [com.google.android.gms:play-services-measurement:8.4.0] AndroidManifest.xml:42:11-82